ISim log file
Running: E:\CS_152A\Lab1\tb_isim_beh.exe -intstyle ise -gui -tclbatch isim.cmd -wdb E:/CS_152A/Lab1/tb_isim_beh.wdb 
ISim P.68d (signature 0x7708f090)
----------------------------------------------------------------------
WARNING:Security:42 - Your software subscription period has lapsed. Your current version of Xilinx tools will continue to function, but you no longer qualify for Xilinx software updates or new releases.


----------------------------------------------------------------------
This is a Full version of ISim.
Time resolution is 1 ps
# onerror resume
# wave add /
# run 1000 ns
Simulator is doing circuit initialization process.
Finished circuit initialization process.
         5 ... led output changed to        00000000
# restart
# run all
Simulator is doing circuit initialization process.
Finished circuit initialization process.
         5 ... led output changed to        00000000
   1501000 ... Running instruction        00010001
   5243925 ... instruction        00010001 executed
   5243925 ... led output changed to        00000001
   6001000 ... Running instruction        11000000
   9176085 ... instruction        11000000 executed
   9176085 ... led output changed to        00000010
   9239715 UART0 Received byte 0 0 0 0
SENDING
  10501000 ... Running instruction        11010000
  14418965 ... instruction        11010000 executed
  14418965 ... led output changed to        00000011
  14482595 UART0 Received byte 0 0 0 1
SENDING
  15001000 ... Running instruction        01000100
  18351125 ... instruction        01000100 executed
  18351125 ... led output changed to        00000100
  19501000 ... Running instruction        11000000
  23594005 ... instruction        11000000 executed
  23594005 ... led output changed to        00000101
  23657635 UART0 Received byte 0 0 0 1
SENDING
  24001000 ... Running instruction        01000100
  27526165 ... instruction        01000100 executed
  27526165 ... led output changed to        00000110
  28501000 ... Running instruction        11000000
  31458325 ... instruction        11000000 executed
  31458325 ... led output changed to        00000111
  31521955 UART0 Received byte 0 0 0 2
SENDING
  33001000 ... Running instruction        01000101
  36701205 ... instruction        01000101 executed
  36701205 ... led output changed to        00001000
  37501000 ... Running instruction        11010000
  40633365 ... instruction        11010000 executed
  40633365 ... led output changed to        00001001
  40696995 UART0 Received byte 0 0 0 3
SENDING
  42001000 ... Running instruction        01000100
  45876245 ... instruction        01000100 executed
  45876245 ... led output changed to        00001010
  46501000 ... Running instruction        11000000
  49808405 ... instruction        11000000 executed
  49808405 ... led output changed to        00001011
  49872035 UART0 Received byte 0 0 0 5
SENDING
  51001000 ... Running instruction        01000101
  55051285 ... instruction        01000101 executed
  55051285 ... led output changed to        00001100
  55501000 ... Running instruction        11010000
  58983445 ... instruction        11010000 executed
  58983445 ... led output changed to        00001101
  59047075 UART0 Received byte 0 0 0 8
SENDING
  60001000 ... Running instruction        01000100
  62915605 ... instruction        01000100 executed
  62915605 ... led output changed to        00001110
  64501000 ... Running instruction        11000000
  68158485 ... instruction        11000000 executed
  68158485 ... led output changed to        00001111
  68222115 UART0 Received byte 0 0 0 D
SENDING
  69001000 ... Running instruction        01000101
  72090645 ... instruction        01000101 executed
  72090645 ... led output changed to        00010000
  73501000 ... Running instruction        11010000
  77333525 ... instruction        11010000 executed
  77333525 ... led output changed to        00010001
  77397155 UART0 Received byte 0 0 1 5
SENDING
  78001000 ... Running instruction        01000100
  81265685 ... instruction        01000100 executed
  81265685 ... led output changed to        00010010
  82501000 ... Running instruction        11000000
  86508565 ... instruction        11000000 executed
  86508565 ... led output changed to        00010011
  86572195 UART0 Received byte 0 0 2 2
SENDING
Stopped at time : 87002 us : File "E:/CS_152A/Lab1/tb/tb.v" Line 80
# restart
