Running: C:\Xilinx\14.6\ISE_DS\ISE\bin\nt64\unwrapped\fuse.exe -intstyle ise -incremental -lib unisims_ver -lib unimacro_ver -lib xilinxcorelib_ver -lib secureip -o E:/CS_152A/Lab2/testbench_isim_beh.exe -prj E:/CS_152A/Lab2/testbench_beh.prj work.testbench work.glbl 
ISim P.68d (signature 0x7708f090)
Number of CPUs detected in this system: 2
Turning on mult-threading, number of parallel sub-compilation jobs: 4 
Determining compilation order of HDL files
Analyzing Verilog file "E:/CS_152A/Lab2/Rounder.v" into library work
Analyzing Verilog file "E:/CS_152A/Lab2/Inverter.v" into library work
Analyzing Verilog file "E:/CS_152A/Lab2/Converter.v" into library work
Analyzing Verilog file "E:/CS_152A/Lab2/fpcvt.v" into library work
Analyzing Verilog file "E:/CS_152A/Lab2/testbench.v" into library work
Analyzing Verilog file "C:/Xilinx/14.6/ISE_DS/ISE//verilog/src/glbl.v" into library work
Starting static elaboration
Completed static elaboration
Compiling module Inverter
Compiling module Converter
Compiling module Rounder
Compiling module fpcvt
Compiling module testbench
Compiling module glbl
Time Resolution for simulation is 1ps.
Waiting for 1 sub-compilation(s) to finish...
Compiled 6 Verilog Units
Built simulation executable E:/CS_152A/Lab2/testbench_isim_beh.exe
Fuse Memory Usage: 27104 KB
Fuse CPU Usage: 592 ms
